2023-06-01 22:41:52,355 INFO o.a.j.u.JMeterUtils: Setting Locale to en_EN
2023-06-01 22:41:52,369 INFO o.a.j.JMeter: Loading user properties from: /media/poxstone/DOCS/home/poxstone/bin/apache-jmeter-5.5/bin/user.properties
2023-06-01 22:41:52,369 INFO o.a.j.JMeter: Loading system properties from: /media/poxstone/DOCS/home/poxstone/bin/apache-jmeter-5.5/bin/system.properties
2023-06-01 22:41:52,374 INFO o.a.j.JMeter: Copyright (c) 1998-2022 The Apache Software Foundation
2023-06-01 22:41:52,374 INFO o.a.j.JMeter: Version 5.5
2023-06-01 22:41:52,374 INFO o.a.j.JMeter: java.version=17.0.7
2023-06-01 22:41:52,374 INFO o.a.j.JMeter: java.vm.name=OpenJDK 64-Bit Server VM
2023-06-01 22:41:52,374 INFO o.a.j.JMeter: os.name=Linux
2023-06-01 22:41:52,374 INFO o.a.j.JMeter: os.arch=amd64
2023-06-01 22:41:52,374 INFO o.a.j.JMeter: os.version=6.2.0-20-generic
2023-06-01 22:41:52,374 INFO o.a.j.JMeter: file.encoding=UTF-8
2023-06-01 22:41:52,374 INFO o.a.j.JMeter: java.awt.headless=null
2023-06-01 22:41:52,374 INFO o.a.j.JMeter: Max memory     =1073741824
2023-06-01 22:41:52,375 INFO o.a.j.JMeter: Available Processors =12
2023-06-01 22:41:52,381 INFO o.a.j.JMeter: Default Locale=English (EN)
2023-06-01 22:41:52,382 INFO o.a.j.JMeter: JMeter  Locale=English (EN)
2023-06-01 22:41:52,382 INFO o.a.j.JMeter: JMeterHome=/media/poxstone/DOCS/home/poxstone/bin/apache-jmeter-5.5
2023-06-01 22:41:52,382 INFO o.a.j.JMeter: user.dir  =/media/poxstone/DOCS/home/poxstone/Projects/PERSONAL/flask_any_response
2023-06-01 22:41:52,382 INFO o.a.j.JMeter: PWD       =/media/poxstone/DOCS/home/poxstone/Projects/PERSONAL/flask_any_response
2023-06-01 22:41:52,382 INFO o.a.j.JMeter: IP: 127.0.1.1 Name: linux-pox FullName: linux-pox
2023-06-01 22:41:52,387 INFO o.a.j.JMeter: Loaded icon properties from org/apache/jmeter/images/icon.properties
2023-06-01 22:41:52,555 INFO o.a.j.JMeterGuiLauncher: Setting LAF to: com.github.weisj.darklaf.DarkLaf:com.github.weisj.darklaf.theme.DarculaTheme
2023-06-01 22:42:19,624 INFO o.a.j.s.FileServer: Default base='/media/poxstone/DOCS/home/poxstone/Projects/PERSONAL/flask_any_response'
2023-06-01 22:42:19,626 INFO o.a.j.g.a.Load: Loading file: /media/poxstone/DOCS/home/poxstone/Projects/PERSONAL/flask_any_response/jmeter/simple_test.jmx
2023-06-01 22:42:19,626 INFO o.a.j.s.FileServer: Set new base='/media/poxstone/DOCS/home/poxstone/Projects/PERSONAL/flask_any_response/jmeter'
2023-06-01 22:42:19,720 INFO o.a.j.s.SaveService: Testplan (JMX) version: 2.2. Testlog (JTL) version: 2.2
2023-06-01 22:42:19,725 INFO o.a.j.s.SaveService: Using SaveService properties version 5.0
2023-06-01 22:42:19,727 INFO o.a.j.s.SaveService: Using SaveService properties file encoding UTF-8
2023-06-01 22:42:19,727 INFO o.a.j.s.SaveService: Loading file: /media/poxstone/DOCS/home/poxstone/Projects/PERSONAL/flask_any_response/jmeter/simple_test.jmx
2023-06-01 22:42:19,741 INFO o.a.j.p.h.c.CookieManager: Settings: Delete null: true Check: true Allow variable: true Save: false Prefix: COOKIE_
2023-06-01 22:42:19,746 INFO o.a.j.p.h.s.HTTPSamplerBase: Parser for text/html is org.apache.jmeter.protocol.http.parser.LagartoBasedHtmlParser
2023-06-01 22:42:19,746 INFO o.a.j.p.h.s.HTTPSamplerBase: Parser for application/xhtml+xml is org.apache.jmeter.protocol.http.parser.LagartoBasedHtmlParser
2023-06-01 22:42:19,747 INFO o.a.j.p.h.s.HTTPSamplerBase: Parser for application/xml is org.apache.jmeter.protocol.http.parser.LagartoBasedHtmlParser
2023-06-01 22:42:19,747 INFO o.a.j.p.h.s.HTTPSamplerBase: Parser for text/xml is org.apache.jmeter.protocol.http.parser.LagartoBasedHtmlParser
2023-06-01 22:42:19,747 INFO o.a.j.p.h.s.HTTPSamplerBase: Parser for text/vnd.wap.wml is org.apache.jmeter.protocol.http.parser.RegexpHTMLParser
2023-06-01 22:42:19,747 INFO o.a.j.p.h.s.HTTPSamplerBase: Parser for text/css is org.apache.jmeter.protocol.http.parser.CssParser
2023-06-01 22:42:19,945 INFO o.a.j.s.SampleResult: Note: Sample TimeStamps are START times
2023-06-01 22:42:19,945 INFO o.a.j.s.SampleResult: sampleresult.default.encoding is set to ISO-8859-1
2023-06-01 22:42:19,945 INFO o.a.j.s.SampleResult: sampleresult.useNanoTime=true
2023-06-01 22:42:19,945 INFO o.a.j.s.SampleResult: sampleresult.nanoThreadSleep=5000
2023-06-01 22:42:20,040 INFO o.a.j.v.ViewResultsFullVisualizer: Add JavaFX to your Java installation if you want to use renderer: org.apache.jmeter.visualizers.RenderInBrowser
2023-06-01 22:42:20,189 INFO o.a.j.s.FileServer: Set new base='/media/poxstone/DOCS/home/poxstone/Projects/PERSONAL/flask_any_response/jmeter'
